{"C:\\Users\\bootcamp3\\Documents\\SOC\\Porfolio Projects\\Test\\Trying testing\\TryingTesting\\App.js": {"path":"C:\\Users\\bootcamp3\\Documents\\SOC\\Porfolio Projects\\Test\\Trying testing\\TryingTesting\\App.js","statementMap":{"0":{"start":{"line":5,"column":2},"end":{"line":10,"column":4}},"1":{"start":{"line":13,"column":15},"end":{"line":20,"column":2}}},"fnMap":{"0":{"name":"App","decl":{"start":{"line":4,"column":24},"end":{"line":4,"column":27}},"loc":{"start":{"line":4,"column":30},"end":{"line":11,"column":1}},"line":4}},"branchMap":{},"s":{"0":2,"1":1},"f":{"0":2},"b":{},"_coverageSchema":"1a1c01bbd47fc00a2c39e90264f33305004495a9","hash":"51c84fd574791f7318c6af0952c2570bc6524885"}
}
