{"C:\\Users\\bootcamp3\\Documents\\SOC\\Porfolio Projects\\Test\\Trying testing\\TryingTesting\\App.js": {"path":"C:\\Users\\bootcamp3\\Documents\\SOC\\Porfolio Projects\\Test\\Trying testing\\TryingTesting\\App.js","statementMap":{"0":{"start":{"line":11,"column":38},"end":{"line":11,"column":63}},"1":{"start":{"line":14,"column":2},"end":{"line":24,"column":4}},"2":{"start":{"line":20,"column":23},"end":{"line":20,"column":55}},"3":{"start":{"line":27,"column":15},"end":{"line":34,"column":2}}},"fnMap":{"0":{"name":"App","decl":{"start":{"line":9,"column":24},"end":{"line":9,"column":27}},"loc":{"start":{"line":9,"column":30},"end":{"line":25,"column":1}},"line":9},"1":{"name":"(anonymous_1)","decl":{"start":{"line":20,"column":17},"end":{"line":20,"column":18}},"loc":{"start":{"line":20,"column":23},"end":{"line":20,"column":55}},"line":20}},"branchMap":{},"s":{"0":4,"1":4,"2":0,"3":1},"f":{"0":4,"1":0},"b":{},"_coverageSchema":"1a1c01bbd47fc00a2c39e90264f33305004495a9","hash":"530e7dc16e108d17369d034c64f77bf5ad8f43e9"}
}
